# JRE version: Java(TM) SE Runtime Environment (8.0_45-b15) (build 1.8.0_45-b15)
# Java VM: Java HotSpot(TM) 64-Bit Server VM (25.45-b02 mixed mode windows-amd64 compressed oops)
Heap:
 PSYoungGen      total 103424K, used 62464K [0x00000000f5580000, 0x00000000fd480000, 0x0000000100000000)
  eden space 82432K, 69% used [0x00000000f5580000,0x00000000f8dd6b38,0x00000000fa600000)
  from space 20992K, 22% used [0x00000000fa600000,0x00000000faaa9868,0x00000000fba80000)
  to   space 20992K, 0% used [0x00000000fc000000,0x00000000fc000000,0x00000000fd480000)
 ParOldGen       total 93184K, used 49072K [0x00000000e0000000, 0x00000000e5b00000, 0x00000000f5580000)
  object space 93184K, 52% used [0x00000000e0000000,0x00000000e2fec048,0x00000000e5b00000)
 Metaspace       used 80823K, capacity 87292K, committed 87424K, reserved 1124352K
  class space    used 9896K, capacity 11842K, committed 11904K, reserved 1048576K
GC Heap History (10 events):
Event: 65.743 GC heap before
{Heap before GC invocations=20 (full 4):
 PSYoungGen      total 92672K, used 17285K [0x00000000f5580000, 0x00000000fc780000, 0x0000000100000000)
  eden space 73216K, 0% used [0x00000000f5580000,0x00000000f5580000,0x00000000f9d00000)
  from space 19456K, 88% used [0x00000000fb180000,0x00000000fc2617f0,0x00000000fc480000)
  to   space 20992K, 0% used [0x00000000f9d00000,0x00000000f9d00000,0x00000000fb180000)
 ParOldGen       total 93184K, used 33342K [0x00000000e0000000, 0x00000000e5b00000, 0x00000000f5580000)
  object space 93184K, 35% used [0x00000000e0000000,0x00000000e208fa38,0x00000000e5b00000)
 Metaspace       used 72113K, capacity 78424K, committed 78720K, reserved 1118208K
  class space    used 8984K, capacity 10832K, committed 10880K, reserved 1048576K
Event: 66.180 GC heap after
Heap after GC invocations=20 (full 4):
 PSYoungGen      total 92672K, used 0K [0x00000000f5580000, 0x00000000fc780000, 0x0000000100000000)
  eden space 73216K, 0% used [0x00000000f5580000,0x00000000f5580000,0x00000000f9d00000)
  from space 19456K, 0% used [0x00000000fb180000,0x00000000fb180000,0x00000000fc480000)
  to   space 20992K, 0% used [0x00000000f9d00000,0x00000000f9d00000,0x00000000fb180000)
 ParOldGen       total 93184K, used 48705K [0x00000000e0000000, 0x00000000e5b00000, 0x00000000f5580000)
  object space 93184K, 52% used [0x00000000e0000000,0x00000000e2f90648,0x00000000e5b00000)
 Metaspace       used 72113K, capacity 78424K, committed 78720K, reserved 1118208K
  class space    used 8984K, capacity 10832K, committed 10880K, reserved 1048576K
}
Event: 97.909 GC heap before
{Heap before GC invocations=21 (full 4):
 PSYoungGen      total 92672K, used 73216K [0x00000000f5580000, 0x00000000fc780000, 0x0000000100000000)
  eden space 73216K, 100% used [0x00000000f5580000,0x00000000f9d00000,0x00000000f9d00000)
  from space 19456K, 0% used [0x00000000fb180000,0x00000000fb180000,0x00000000fc480000)
  to   space 20992K, 0% used [0x00000000f9d00000,0x00000000f9d00000,0x00000000fb180000)
 ParOldGen       total 93184K, used 48705K [0x00000000e0000000, 0x00000000e5b00000, 0x00000000f5580000)
  object space 93184K, 52% used [0x00000000e0000000,0x00000000e2f90648,0x00000000e5b00000)
 Metaspace       used 75209K, capacity 81754K, committed 81920K, reserved 1120256K
  class space    used 9325K, capacity 11234K, committed 11264K, reserved 1048576K
Event: 97.923 GC heap after
Heap after GC invocations=21 (full 4):
 PSYoungGen      total 94208K, used 5162K [0x00000000f5580000, 0x00000000fcf00000, 0x0000000100000000)
  eden space 73216K, 0% used [0x00000000f5580000,0x00000000f5580000,0x00000000f9d00000)
  from space 20992K, 24% used [0x00000000f9d00000,0x00000000fa20a9f8,0x00000000fb180000)
  to   space 20992K, 0% used [0x00000000fba80000,0x00000000fba80000,0x00000000fcf00000)
 ParOldGen       total 93184K, used 48713K [0x00000000e0000000, 0x00000000e5b00000, 0x00000000f5580000)
  object space 93184K, 52% used [0x00000000e0000000,0x00000000e2f92648,0x00000000e5b00000)
 Metaspace       used 75209K, capacity 81754K, committed 81920K, reserved 1120256K
  class space    used 9325K, capacity 11234K, committed 11264K, reserved 1048576K
}
Event: 125.720 GC heap before
{Heap before GC invocations=22 (full 4):
 PSYoungGen      total 94208K, used 18826K [0x00000000f5580000, 0x00000000fcf00000, 0x0000000100000000)
  eden space 73216K, 18% used [0x00000000f5580000,0x00000000f62d8020,0x00000000f9d00000)
  from space 20992K, 24% used [0x00000000f9d00000,0x00000000fa20a9f8,0x00000000fb180000)
  to   space 20992K, 0% used [0x00000000fba80000,0x00000000fba80000,0x00000000fcf00000)
 ParOldGen       total 93184K, used 48713K [0x00000000e0000000, 0x00000000e5b00000, 0x00000000f5580000)
  object space 93184K, 52% used [0x00000000e0000000,0x00000000e2f92648,0x00000000e5b00000)
 Metaspace       used 76106K, capacity 82770K, committed 82944K, reserved 1120256K
  class space    used 9445K, capacity 11406K, committed 11520K, reserved 1048576K
Event: 125.733 GC heap after
Heap after GC invocations=22 (full 4):
 PSYoungGen      total 103424K, used 3932K [0x00000000f5580000, 0x00000000fcf00000, 0x0000000100000000)
  eden space 82432K, 0% used [0x00000000f5580000,0x00000000f5580000,0x00000000fa600000)
  from space 20992K, 18% used [0x00000000fba80000,0x00000000fbe571a0,0x00000000fcf00000)
  to   space 20992K, 0% used [0x00000000fa600000,0x00000000fa600000,0x00000000fba80000)
 ParOldGen       total 93184K, used 48721K [0x00000000e0000000, 0x00000000e5b00000, 0x00000000f5580000)
  object space 93184K, 52% used [0x00000000e0000000,0x00000000e2f94648,0x00000000e5b00000)
 Metaspace       used 76106K, capacity 82770K, committed 82944K, reserved 1120256K
  class space    used 9445K, capacity 11406K, committed 11520K, reserved 1048576K
}
Event: 125.734 GC heap before
{Heap before GC invocations=23 (full 5):
 PSYoungGen      total 103424K, used 3932K [0x00000000f5580000, 0x00000000fcf00000, 0x0000000100000000)
  eden space 82432K, 0% used [0x00000000f5580000,0x00000000f5580000,0x00000000fa600000)
  from space 20992K, 18% used [0x00000000fba80000,0x00000000fbe571a0,0x00000000fcf00000)
  to   space 20992K, 0% used [0x00000000fa600000,0x00000000fa600000,0x00000000fba80000)
 ParOldGen       total 93184K, used 48721K [0x00000000e0000000, 0x00000000e5b00000, 0x00000000f5580000)
  object space 93184K, 52% used [0x00000000e0000000,0x00000000e2f94648,0x00000000e5b00000)
 Metaspace       used 76106K, capacity 82770K, committed 82944K, reserved 1120256K
  class space    used 9445K, capacity 11406K, committed 11520K, reserved 1048576K
Event: 126.214 GC heap after
Heap after GC invocations=23 (full 5):
 PSYoungGen      total 103424K, used 0K [0x00000000f5580000, 0x00000000fcf00000, 0x0000000100000000)
  eden space 82432K, 0% used [0x00000000f5580000,0x00000000f5580000,0x00000000fa600000)
  from space 20992K, 0% used [0x00000000fba80000,0x00000000fba80000,0x00000000fcf00000)
  to   space 20992K, 0% used [0x00000000fa600000,0x00000000fa600000,0x00000000fba80000)
 ParOldGen       total 93184K, used 49072K [0x00000000e0000000, 0x00000000e5b00000, 0x00000000f5580000)
  object space 93184K, 52% used [0x00000000e0000000,0x00000000e2fec048,0x00000000e5b00000)
 Metaspace       used 76106K, capacity 82770K, committed 82944K, reserved 1120256K
  class space    used 9445K, capacity 11406K, committed 11520K, reserved 1048576K
}
Event: 193.924 GC heap before
{Heap before GC invocations=24 (full 5):
 PSYoungGen      total 103424K, used 82432K [0x00000000f5580000, 0x00000000fcf00000, 0x0000000100000000)
  eden space 82432K, 100% used [0x00000000f5580000,0x00000000fa600000,0x00000000fa600000)
  from space 20992K, 0% used [0x00000000fba80000,0x00000000fba80000,0x00000000fcf00000)
  to   space 20992K, 0% used [0x00000000fa600000,0x00000000fa600000,0x00000000fba80000)
 ParOldGen       total 93184K, used 49072K [0x00000000e0000000, 0x00000000e5b00000, 0x00000000f5580000)
  object space 93184K, 52% used [0x00000000e0000000,0x00000000e2fec048,0x00000000e5b00000)
 Metaspace       used 79137K, capacity 85808K, committed 86016K, reserved 1124352K
  class space    used 9721K, capacity 11676K, committed 11776K, reserved 1048576K
Event: 193.935 GC heap after
Heap after GC invocations=24 (full 5):
 PSYoungGen      total 103424K, used 4774K [0x00000000f5580000, 0x00000000fd480000, 0x0000000100000000)
  eden space 82432K, 0% used [0x00000000f5580000,0x00000000f5580000,0x00000000fa600000)
  from space 20992K, 22% used [0x00000000fa600000,0x00000000faaa9868,0x00000000fba80000)
  to   space 20992K, 0% used [0x00000000fc000000,0x00000000fc000000,0x00000000fd480000)
 ParOldGen       total 93184K, used 49072K [0x00000000e0000000, 0x00000000e5b00000, 0x00000000f5580000)
  object space 93184K, 52% used [0x00000000e0000000,0x00000000e2fec048,0x00000000e5b00000)
 Metaspace       used 79137K, capacity 85808K, committed 86016K, reserved 1124352K
  class space    used 9721K, capacity 11676K, committed 11776K, reserved 1048576K
}

