# JRE version: Java(TM) SE Runtime Environment (8.0_45-b15) (build 1.8.0_45-b15)
# Java VM: Java HotSpot(TM) 64-Bit Server VM (25.45-b02 mixed mode windows-amd64 compressed oops)
Heap:
 PSYoungGen      total 128512K, used 41737K [0x00000000f5580000, 0x00000000ffd80000, 0x0000000100000000)
  eden space 120832K, 28% used [0x00000000f5580000,0x00000000f76d1160,0x00000000fcb80000)
  from space 7680K, 99% used [0x00000000fcb80000,0x00000000fd2f1580,0x00000000fd300000)
  to   space 25600K, 0% used [0x00000000fe480000,0x00000000fe480000,0x00000000ffd80000)
 ParOldGen       total 113664K, used 57528K [0x00000000e0000000, 0x00000000e6f00000, 0x00000000f5580000)
  object space 113664K, 50% used [0x00000000e0000000,0x00000000e382e0c0,0x00000000e6f00000)
 Metaspace       used 86086K, capacity 93152K, committed 93272K, reserved 1130496K
  class space    used 10593K, capacity 12556K, committed 12672K, reserved 1048576K
GC Heap History (10 events):
Event: 49.426 GC heap before
{Heap before GC invocations=17 (full 3):
 PSYoungGen      total 156672K, used 138752K [0x00000000f5580000, 0x0000000100000000, 0x0000000100000000)
  eden space 138752K, 100% used [0x00000000f5580000,0x00000000fdd00000,0x00000000fdd00000)
  from space 17920K, 0% used [0x00000000fdd00000,0x00000000fdd00000,0x00000000fee80000)
  to   space 17920K, 0% used [0x00000000fee80000,0x00000000fee80000,0x0000000100000000)
 ParOldGen       total 113664K, used 52360K [0x00000000e0000000, 0x00000000e6f00000, 0x00000000f5580000)
  object space 113664K, 46% used [0x00000000e0000000,0x00000000e33222d0,0x00000000e6f00000)
 Metaspace       used 67189K, capacity 72454K, committed 72536K, reserved 1112064K
  class space    used 8291K, capacity 9830K, committed 9856K, reserved 1048576K
Event: 49.475 GC heap after
Heap after GC invocations=17 (full 3):
 PSYoungGen      total 138240K, used 17910K [0x00000000f5580000, 0x0000000100000000, 0x0000000100000000)
  eden space 120320K, 0% used [0x00000000f5580000,0x00000000f5580000,0x00000000fcb00000)
  from space 17920K, 99% used [0x00000000fee80000,0x00000000ffffd888,0x0000000100000000)
  to   space 27136K, 0% used [0x00000000fcb00000,0x00000000fcb00000,0x00000000fe580000)
 ParOldGen       total 113664K, used 57477K [0x00000000e0000000, 0x00000000e6f00000, 0x00000000f5580000)
  object space 113664K, 50% used [0x00000000e0000000,0x00000000e3821430,0x00000000e6f00000)
 Metaspace       used 67189K, capacity 72454K, committed 72536K, reserved 1112064K
  class space    used 8291K, capacity 9830K, committed 9856K, reserved 1048576K
}
Event: 94.103 GC heap before
{Heap before GC invocations=18 (full 3):
 PSYoungGen      total 138240K, used 138230K [0x00000000f5580000, 0x0000000100000000, 0x0000000100000000)
  eden space 120320K, 100% used [0x00000000f5580000,0x00000000fcb00000,0x00000000fcb00000)
  from space 17920K, 99% used [0x00000000fee80000,0x00000000ffffd888,0x0000000100000000)
  to   space 27136K, 0% used [0x00000000fcb00000,0x00000000fcb00000,0x00000000fe580000)
 ParOldGen       total 113664K, used 57477K [0x00000000e0000000, 0x00000000e6f00000, 0x00000000f5580000)
  object space 113664K, 50% used [0x00000000e0000000,0x00000000e3821430,0x00000000e6f00000)
 Metaspace       used 78333K, capacity 84652K, committed 84824K, reserved 1122304K
  class space    used 9679K, capacity 11592K, committed 11648K, reserved 1048576K
Event: 94.151 GC heap after
Heap after GC invocations=18 (full 3):
 PSYoungGen      total 137216K, used 16620K [0x00000000f5580000, 0x0000000100000000, 0x0000000100000000)
  eden space 120320K, 0% used [0x00000000f5580000,0x00000000f5580000,0x00000000fcb00000)
  from space 16896K, 98% used [0x00000000fcb00000,0x00000000fdb3b0e0,0x00000000fdb80000)
  to   space 27648K, 0% used [0x00000000fe500000,0x00000000fe500000,0x0000000100000000)
 ParOldGen       total 113664K, used 69672K [0x00000000e0000000, 0x00000000e6f00000, 0x00000000f5580000)
  object space 113664K, 61% used [0x00000000e0000000,0x00000000e440a1b8,0x00000000e6f00000)
 Metaspace       used 78333K, capacity 84652K, committed 84824K, reserved 1122304K
  class space    used 9679K, capacity 11592K, committed 11648K, reserved 1048576K
}
Event: 119.252 GC heap before
{Heap before GC invocations=19 (full 3):
 PSYoungGen      total 137216K, used 124896K [0x00000000f5580000, 0x0000000100000000, 0x0000000100000000)
  eden space 120320K, 89% used [0x00000000f5580000,0x00000000fbf3d210,0x00000000fcb00000)
  from space 16896K, 98% used [0x00000000fcb00000,0x00000000fdb3b0e0,0x00000000fdb80000)
  to   space 27648K, 0% used [0x00000000fe500000,0x00000000fe500000,0x0000000100000000)
 ParOldGen       total 113664K, used 69672K [0x00000000e0000000, 0x00000000e6f00000, 0x00000000f5580000)
  object space 113664K, 61% used [0x00000000e0000000,0x00000000e440a1b8,0x00000000e6f00000)
 Metaspace       used 80958K, capacity 87360K, committed 87768K, reserved 1124352K
  class space    used 9981K, capacity 11915K, committed 12032K, reserved 1048576K
Event: 119.273 GC heap after
Heap after GC invocations=19 (full 3):
 PSYoungGen      total 148480K, used 11116K [0x00000000f5580000, 0x0000000100000000, 0x0000000100000000)
  eden space 120832K, 0% used [0x00000000f5580000,0x00000000f5580000,0x00000000fcb80000)
  from space 27648K, 40% used [0x00000000fe500000,0x00000000fefdb200,0x0000000100000000)
  to   space 26112K, 0% used [0x00000000fcb80000,0x00000000fcb80000,0x00000000fe500000)
 ParOldGen       total 113664K, used 69680K [0x00000000e0000000, 0x00000000e6f00000, 0x00000000f5580000)
  object space 113664K, 61% used [0x00000000e0000000,0x00000000e440c1b8,0x00000000e6f00000)
 Metaspace       used 80958K, capacity 87360K, committed 87768K, reserved 1124352K
  class space    used 9981K, capacity 11915K, committed 12032K, reserved 1048576K
}
Event: 119.273 GC heap before
{Heap before GC invocations=20 (full 4):
 PSYoungGen      total 148480K, used 11116K [0x00000000f5580000, 0x0000000100000000, 0x0000000100000000)
  eden space 120832K, 0% used [0x00000000f5580000,0x00000000f5580000,0x00000000fcb80000)
  from space 27648K, 40% used [0x00000000fe500000,0x00000000fefdb200,0x0000000100000000)
  to   space 26112K, 0% used [0x00000000fcb80000,0x00000000fcb80000,0x00000000fe500000)
 ParOldGen       total 113664K, used 69680K [0x00000000e0000000, 0x00000000e6f00000, 0x00000000f5580000)
  object space 113664K, 61% used [0x00000000e0000000,0x00000000e440c1b8,0x00000000e6f00000)
 Metaspace       used 80958K, capacity 87360K, committed 87768K, reserved 1124352K
  class space    used 9981K, capacity 11915K, committed 12032K, reserved 1048576K
Event: 119.678 GC heap after
Heap after GC invocations=20 (full 4):
 PSYoungGen      total 148480K, used 0K [0x00000000f5580000, 0x0000000100000000, 0x0000000100000000)
  eden space 120832K, 0% used [0x00000000f5580000,0x00000000f5580000,0x00000000fcb80000)
  from space 27648K, 0% used [0x00000000fe500000,0x00000000fe500000,0x0000000100000000)
  to   space 26112K, 0% used [0x00000000fcb80000,0x00000000fcb80000,0x00000000fe500000)
 ParOldGen       total 113664K, used 57520K [0x00000000e0000000, 0x00000000e6f00000, 0x00000000f5580000)
  object space 113664K, 50% used [0x00000000e0000000,0x00000000e382c0c0,0x00000000e6f00000)
 Metaspace       used 80958K, capacity 87360K, committed 87768K, reserved 1124352K
  class space    used 9981K, capacity 11915K, committed 12032K, reserved 1048576K
}
Event: 926.653 GC heap before
{Heap before GC invocations=21 (full 4):
 PSYoungGen      total 148480K, used 120832K [0x00000000f5580000, 0x0000000100000000, 0x0000000100000000)
  eden space 120832K, 100% used [0x00000000f5580000,0x00000000fcb80000,0x00000000fcb80000)
  from space 27648K, 0% used [0x00000000fe500000,0x00000000fe500000,0x0000000100000000)
  to   space 26112K, 0% used [0x00000000fcb80000,0x00000000fcb80000,0x00000000fe500000)
 ParOldGen       total 113664K, used 57520K [0x00000000e0000000, 0x00000000e6f00000, 0x00000000f5580000)
  object space 113664K, 50% used [0x00000000e0000000,0x00000000e382c0c0,0x00000000e6f00000)
 Metaspace       used 85105K, capacity 91882K, committed 92120K, reserved 1128448K
  class space    used 10495K, capacity 12455K, committed 12544K, reserved 1048576K
Event: 926.672 GC heap after
Heap after GC invocations=21 (full 4):
 PSYoungGen      total 128512K, used 7621K [0x00000000f5580000, 0x00000000ffd80000, 0x0000000100000000)
  eden space 120832K, 0% used [0x00000000f5580000,0x00000000f5580000,0x00000000fcb80000)
  from space 7680K, 99% used [0x00000000fcb80000,0x00000000fd2f1580,0x00000000fd300000)
  to   space 25600K, 0% used [0x00000000fe480000,0x00000000fe480000,0x00000000ffd80000)
 ParOldGen       total 113664K, used 57528K [0x00000000e0000000, 0x00000000e6f00000, 0x00000000f5580000)
  object space 113664K, 50% used [0x00000000e0000000,0x00000000e382e0c0,0x00000000e6f00000)
 Metaspace       used 85105K, capacity 91882K, committed 92120K, reserved 1128448K
  class space    used 10495K, capacity 12455K, committed 12544K, reserved 1048576K
}

