# JRE version: Java(TM) SE Runtime Environment (8.0_45-b15) (build 1.8.0_45-b15)
# Java VM: Java HotSpot(TM) 64-Bit Server VM (25.45-b02 mixed mode windows-amd64 compressed oops)
Heap:
 PSYoungGen      total 98304K, used 44351K [0x00000000f5580000, 0x00000000fe300000, 0x0000000100000000)
  eden space 95744K, 46% used [0x00000000f5580000,0x00000000f80cfcc8,0x00000000fb300000)
  from space 2560K, 0% used [0x00000000fb300000,0x00000000fb300000,0x00000000fb580000)
  to   space 24576K, 0% used [0x00000000fcb00000,0x00000000fcb00000,0x00000000fe300000)
 ParOldGen       total 103936K, used 45452K [0x00000000e0000000, 0x00000000e6580000, 0x00000000f5580000)
  object space 103936K, 43% used [0x00000000e0000000,0x00000000e2c63090,0x00000000e6580000)
 Metaspace       used 80013K, capacity 86590K, committed 86656K, reserved 1124352K
  class space    used 9847K, capacity 11870K, committed 11904K, reserved 1048576K
GC Heap History (10 events):
Event: 190.577 GC heap before
{Heap before GC invocations=20 (full 5):
 PSYoungGen      total 111616K, used 87552K [0x00000000f5580000, 0x00000000fdb80000, 0x0000000100000000)
  eden space 87552K, 100% used [0x00000000f5580000,0x00000000fab00000,0x00000000fab00000)
  from space 24064K, 0% used [0x00000000fc300000,0x00000000fc300000,0x00000000fda80000)
  to   space 24576K, 0% used [0x00000000fab00000,0x00000000fab00000,0x00000000fc300000)
 ParOldGen       total 103936K, used 43967K [0x00000000e0000000, 0x00000000e6580000, 0x00000000f5580000)
  object space 103936K, 42% used [0x00000000e0000000,0x00000000e2aeff00,0x00000000e6580000)
 Metaspace       used 76988K, capacity 83264K, committed 83456K, reserved 1122304K
  class space    used 9504K, capacity 11468K, committed 11520K, reserved 1048576K
Event: 190.585 GC heap after
Heap after GC invocations=20 (full 5):
 PSYoungGen      total 112128K, used 1104K [0x00000000f5580000, 0x00000000fe400000, 0x0000000100000000)
  eden space 87552K, 0% used [0x00000000f5580000,0x00000000f5580000,0x00000000fab00000)
  from space 24576K, 4% used [0x00000000fab00000,0x00000000fac14010,0x00000000fc300000)
  to   space 25088K, 0% used [0x00000000fcb80000,0x00000000fcb80000,0x00000000fe400000)
 ParOldGen       total 103936K, used 43975K [0x00000000e0000000, 0x00000000e6580000, 0x00000000f5580000)
  object space 103936K, 42% used [0x00000000e0000000,0x00000000e2af1f00,0x00000000e6580000)
 Metaspace       used 76988K, capacity 83264K, committed 83456K, reserved 1122304K
  class space    used 9504K, capacity 11468K, committed 11520K, reserved 1048576K
}
Event: 204.715 GC heap before
{Heap before GC invocations=21 (full 5):
 PSYoungGen      total 112128K, used 8859K [0x00000000f5580000, 0x00000000fe400000, 0x0000000100000000)
  eden space 87552K, 8% used [0x00000000f5580000,0x00000000f5d12eb8,0x00000000fab00000)
  from space 24576K, 4% used [0x00000000fab00000,0x00000000fac14010,0x00000000fc300000)
  to   space 25088K, 0% used [0x00000000fcb80000,0x00000000fcb80000,0x00000000fe400000)
 ParOldGen       total 103936K, used 43975K [0x00000000e0000000, 0x00000000e6580000, 0x00000000f5580000)
  object space 103936K, 42% used [0x00000000e0000000,0x00000000e2af1f00,0x00000000e6580000)
 Metaspace       used 77050K, capacity 83328K, committed 83456K, reserved 1122304K
  class space    used 9504K, capacity 11468K, committed 11520K, reserved 1048576K
Event: 204.723 GC heap after
Heap after GC invocations=21 (full 5):
 PSYoungGen      total 120832K, used 864K [0x00000000f5580000, 0x00000000fe400000, 0x0000000100000000)
  eden space 95744K, 0% used [0x00000000f5580000,0x00000000f5580000,0x00000000fb300000)
  from space 25088K, 3% used [0x00000000fcb80000,0x00000000fcc58000,0x00000000fe400000)
  to   space 25088K, 0% used [0x00000000fb300000,0x00000000fb300000,0x00000000fcb80000)
 ParOldGen       total 103936K, used 43983K [0x00000000e0000000, 0x00000000e6580000, 0x00000000f5580000)
  object space 103936K, 42% used [0x00000000e0000000,0x00000000e2af3f00,0x00000000e6580000)
 Metaspace       used 77050K, capacity 83328K, committed 83456K, reserved 1122304K
  class space    used 9504K, capacity 11468K, committed 11520K, reserved 1048576K
}
Event: 204.723 GC heap before
{Heap before GC invocations=22 (full 6):
 PSYoungGen      total 120832K, used 864K [0x00000000f5580000, 0x00000000fe400000, 0x0000000100000000)
  eden space 95744K, 0% used [0x00000000f5580000,0x00000000f5580000,0x00000000fb300000)
  from space 25088K, 3% used [0x00000000fcb80000,0x00000000fcc58000,0x00000000fe400000)
  to   space 25088K, 0% used [0x00000000fb300000,0x00000000fb300000,0x00000000fcb80000)
 ParOldGen       total 103936K, used 43983K [0x00000000e0000000, 0x00000000e6580000, 0x00000000f5580000)
  object space 103936K, 42% used [0x00000000e0000000,0x00000000e2af3f00,0x00000000e6580000)
 Metaspace       used 77050K, capacity 83328K, committed 83456K, reserved 1122304K
  class space    used 9504K, capacity 11468K, committed 11520K, reserved 1048576K
Event: 204.996 GC heap after
Heap after GC invocations=22 (full 6):
 PSYoungGen      total 120832K, used 0K [0x00000000f5580000, 0x00000000fe400000, 0x0000000100000000)
  eden space 95744K, 0% used [0x00000000f5580000,0x00000000f5580000,0x00000000fb300000)
  from space 25088K, 0% used [0x00000000fcb80000,0x00000000fcb80000,0x00000000fe400000)
  to   space 25088K, 0% used [0x00000000fb300000,0x00000000fb300000,0x00000000fcb80000)
 ParOldGen       total 103936K, used 44089K [0x00000000e0000000, 0x00000000e6580000, 0x00000000f5580000)
  object space 103936K, 42% used [0x00000000e0000000,0x00000000e2b0e7b0,0x00000000e6580000)
 Metaspace       used 77050K, capacity 83328K, committed 83456K, reserved 1122304K
  class space    used 9504K, capacity 11468K, committed 11520K, reserved 1048576K
}
Event: 264.717 GC heap before
{Heap before GC invocations=23 (full 6):
 PSYoungGen      total 120832K, used 56824K [0x00000000f5580000, 0x00000000fe400000, 0x0000000100000000)
  eden space 95744K, 59% used [0x00000000f5580000,0x00000000f8cfe2e8,0x00000000fb300000)
  from space 25088K, 0% used [0x00000000fcb80000,0x00000000fcb80000,0x00000000fe400000)
  to   space 25088K, 0% used [0x00000000fb300000,0x00000000fb300000,0x00000000fcb80000)
 ParOldGen       total 103936K, used 44089K [0x00000000e0000000, 0x00000000e6580000, 0x00000000f5580000)
  object space 103936K, 42% used [0x00000000e0000000,0x00000000e2b0e7b0,0x00000000e6580000)
 Metaspace       used 78544K, capacity 85312K, committed 85504K, reserved 1122304K
  class space    used 9705K, capacity 11768K, committed 11776K, reserved 1048576K
Event: 264.727 GC heap after
Heap after GC invocations=23 (full 6):
 PSYoungGen      total 98304K, used 2163K [0x00000000f5580000, 0x00000000fe300000, 0x0000000100000000)
  eden space 95744K, 0% used [0x00000000f5580000,0x00000000f5580000,0x00000000fb300000)
  from space 2560K, 84% used [0x00000000fb300000,0x00000000fb51cd38,0x00000000fb580000)
  to   space 24576K, 0% used [0x00000000fcb00000,0x00000000fcb00000,0x00000000fe300000)
 ParOldGen       total 103936K, used 44097K [0x00000000e0000000, 0x00000000e6580000, 0x00000000f5580000)
  object space 103936K, 42% used [0x00000000e0000000,0x00000000e2b107b0,0x00000000e6580000)
 Metaspace       used 78544K, capacity 85312K, committed 85504K, reserved 1122304K
  class space    used 9705K, capacity 11768K, committed 11776K, reserved 1048576K
}
Event: 264.727 GC heap before
{Heap before GC invocations=24 (full 7):
 PSYoungGen      total 98304K, used 2163K [0x00000000f5580000, 0x00000000fe300000, 0x0000000100000000)
  eden space 95744K, 0% used [0x00000000f5580000,0x00000000f5580000,0x00000000fb300000)
  from space 2560K, 84% used [0x00000000fb300000,0x00000000fb51cd38,0x00000000fb580000)
  to   space 24576K, 0% used [0x00000000fcb00000,0x00000000fcb00000,0x00000000fe300000)
 ParOldGen       total 103936K, used 44097K [0x00000000e0000000, 0x00000000e6580000, 0x00000000f5580000)
  object space 103936K, 42% used [0x00000000e0000000,0x00000000e2b107b0,0x00000000e6580000)
 Metaspace       used 78544K, capacity 85312K, committed 85504K, reserved 1122304K
  class space    used 9705K, capacity 11768K, committed 11776K, reserved 1048576K
Event: 264.993 GC heap after
Heap after GC invocations=24 (full 7):
 PSYoungGen      total 98304K, used 0K [0x00000000f5580000, 0x00000000fe300000, 0x0000000100000000)
  eden space 95744K, 0% used [0x00000000f5580000,0x00000000f5580000,0x00000000fb300000)
  from space 2560K, 0% used [0x00000000fb300000,0x00000000fb300000,0x00000000fb580000)
  to   space 24576K, 0% used [0x00000000fcb00000,0x00000000fcb00000,0x00000000fe300000)
 ParOldGen       total 103936K, used 45452K [0x00000000e0000000, 0x00000000e6580000, 0x00000000f5580000)
  object space 103936K, 43% used [0x00000000e0000000,0x00000000e2c63090,0x00000000e6580000)
 Metaspace       used 78544K, capacity 85312K, committed 85504K, reserved 1122304K
  class space    used 9705K, capacity 11768K, committed 11776K, reserved 1048576K
}

