# JRE version: Java(TM) SE Runtime Environment (8.0_45-b15) (build 1.8.0_45-b15)
# Java VM: Java HotSpot(TM) 64-Bit Server VM (25.45-b02 mixed mode windows-amd64 compressed oops)
Heap:
 PSYoungGen      total 87552K, used 81948K [0x00000000f5580000, 0x00000000fed80000, 0x0000000100000000)
  eden space 86528K, 94% used [0x00000000f5580000,0x00000000fa5873e0,0x00000000faa00000)
  from space 1024K, 0% used [0x00000000faa00000,0x00000000faa00000,0x00000000fab00000)
  to   space 34304K, 0% used [0x00000000fcc00000,0x00000000fcc00000,0x00000000fed80000)
 ParOldGen       total 104448K, used 50329K [0x00000000e0000000, 0x00000000e6600000, 0x00000000f5580000)
  object space 104448K, 48% used [0x00000000e0000000,0x00000000e3126418,0x00000000e6600000)
 Metaspace       used 92095K, capacity 99138K, committed 99328K, reserved 1134592K
  class space    used 11193K, capacity 13301K, committed 13312K, reserved 1048576K
GC Heap History (10 events):
Event: 589.227 GC heap before
{Heap before GC invocations=43 (full 10):
 PSYoungGen      total 121856K, used 41093K [0x00000000f5580000, 0x00000000ff380000, 0x0000000100000000)
  eden space 84992K, 48% used [0x00000000f5580000,0x00000000f7da16b8,0x00000000fa880000)
  from space 36864K, 0% used [0x00000000fcf80000,0x00000000fcf80000,0x00000000ff380000)
  to   space 38400K, 0% used [0x00000000fa880000,0x00000000fa880000,0x00000000fce00000)
 ParOldGen       total 104448K, used 54521K [0x00000000e0000000, 0x00000000e6600000, 0x00000000f5580000)
  object space 104448K, 52% used [0x00000000e0000000,0x00000000e353e7b8,0x00000000e6600000)
 Metaspace       used 91075K, capacity 98034K, committed 98176K, reserved 1134592K
  class space    used 11107K, capacity 13106K, committed 13184K, reserved 1048576K
Event: 589.235 GC heap after
Heap after GC invocations=43 (full 10):
 PSYoungGen      total 86016K, used 704K [0x00000000f5580000, 0x00000000ff180000, 0x0000000100000000)
  eden space 84992K, 0% used [0x00000000f5580000,0x00000000f5580000,0x00000000fa880000)
  from space 1024K, 68% used [0x00000000fa880000,0x00000000fa930000,0x00000000fa980000)
  to   space 37376K, 0% used [0x00000000fcd00000,0x00000000fcd00000,0x00000000ff180000)
 ParOldGen       total 104448K, used 54529K [0x00000000e0000000, 0x00000000e6600000, 0x00000000f5580000)
  object space 104448K, 52% used [0x00000000e0000000,0x00000000e35407b8,0x00000000e6600000)
 Metaspace       used 91075K, capacity 98034K, committed 98176K, reserved 1134592K
  class space    used 11107K, capacity 13106K, committed 13184K, reserved 1048576K
}
Event: 589.235 GC heap before
{Heap before GC invocations=44 (full 11):
 PSYoungGen      total 86016K, used 704K [0x00000000f5580000, 0x00000000ff180000, 0x0000000100000000)
  eden space 84992K, 0% used [0x00000000f5580000,0x00000000f5580000,0x00000000fa880000)
  from space 1024K, 68% used [0x00000000fa880000,0x00000000fa930000,0x00000000fa980000)
  to   space 37376K, 0% used [0x00000000fcd00000,0x00000000fcd00000,0x00000000ff180000)
 ParOldGen       total 104448K, used 54529K [0x00000000e0000000, 0x00000000e6600000, 0x00000000f5580000)
  object space 104448K, 52% used [0x00000000e0000000,0x00000000e35407b8,0x00000000e6600000)
 Metaspace       used 91075K, capacity 98034K, committed 98176K, reserved 1134592K
  class space    used 11107K, capacity 13106K, committed 13184K, reserved 1048576K
Event: 589.670 GC heap after
Heap after GC invocations=44 (full 11):
 PSYoungGen      total 86016K, used 0K [0x00000000f5580000, 0x00000000ff180000, 0x0000000100000000)
  eden space 84992K, 0% used [0x00000000f5580000,0x00000000f5580000,0x00000000fa880000)
  from space 1024K, 0% used [0x00000000fa880000,0x00000000fa880000,0x00000000fa980000)
  to   space 37376K, 0% used [0x00000000fcd00000,0x00000000fcd00000,0x00000000ff180000)
 ParOldGen       total 104448K, used 51102K [0x00000000e0000000, 0x00000000e6600000, 0x00000000f5580000)
  object space 104448K, 48% used [0x00000000e0000000,0x00000000e31e7850,0x00000000e6600000)
 Metaspace       used 91067K, capacity 98022K, committed 98176K, reserved 1134592K
  class space    used 11106K, capacity 13104K, committed 13184K, reserved 1048576K
}
Event: 711.711 GC heap before
{Heap before GC invocations=45 (full 11):
 PSYoungGen      total 86016K, used 84992K [0x00000000f5580000, 0x00000000ff180000, 0x0000000100000000)
  eden space 84992K, 100% used [0x00000000f5580000,0x00000000fa880000,0x00000000fa880000)
  from space 1024K, 0% used [0x00000000fa880000,0x00000000fa880000,0x00000000fa980000)
  to   space 37376K, 0% used [0x00000000fcd00000,0x00000000fcd00000,0x00000000ff180000)
 ParOldGen       total 104448K, used 51102K [0x00000000e0000000, 0x00000000e6600000, 0x00000000f5580000)
  object space 104448K, 48% used [0x00000000e0000000,0x00000000e31e7850,0x00000000e6600000)
 Metaspace       used 91213K, capacity 98086K, committed 98432K, reserved 1134592K
  class space    used 11106K, capacity 13104K, committed 13184K, reserved 1048576K
Event: 711.723 GC heap after
Heap after GC invocations=45 (full 11):
 PSYoungGen      total 122880K, used 1472K [0x00000000f5580000, 0x00000000ff080000, 0x0000000100000000)
  eden space 86528K, 0% used [0x00000000f5580000,0x00000000f5580000,0x00000000faa00000)
  from space 36352K, 4% used [0x00000000fcd00000,0x00000000fce70000,0x00000000ff080000)
  to   space 35840K, 0% used [0x00000000faa00000,0x00000000faa00000,0x00000000fcd00000)
 ParOldGen       total 104448K, used 51110K [0x00000000e0000000, 0x00000000e6600000, 0x00000000f5580000)
  object space 104448K, 48% used [0x00000000e0000000,0x00000000e31e9850,0x00000000e6600000)
 Metaspace       used 91213K, capacity 98086K, committed 98432K, reserved 1134592K
  class space    used 11106K, capacity 13104K, committed 13184K, reserved 1048576K
}
Event: 842.109 GC heap before
{Heap before GC invocations=46 (full 11):
 PSYoungGen      total 122880K, used 9888K [0x00000000f5580000, 0x00000000ff080000, 0x0000000100000000)
  eden space 86528K, 9% used [0x00000000f5580000,0x00000000f5db8318,0x00000000faa00000)
  from space 36352K, 4% used [0x00000000fcd00000,0x00000000fce70000,0x00000000ff080000)
  to   space 35840K, 0% used [0x00000000faa00000,0x00000000faa00000,0x00000000fcd00000)
 ParOldGen       total 104448K, used 51110K [0x00000000e0000000, 0x00000000e6600000, 0x00000000f5580000)
  object space 104448K, 48% used [0x00000000e0000000,0x00000000e31e9850,0x00000000e6600000)
 Metaspace       used 91231K, capacity 98086K, committed 98432K, reserved 1134592K
  class space    used 11106K, capacity 13104K, committed 13184K, reserved 1048576K
Event: 842.114 GC heap after
Heap after GC invocations=46 (full 11):
 PSYoungGen      total 87552K, used 1024K [0x00000000f5580000, 0x00000000fed80000, 0x0000000100000000)
  eden space 86528K, 0% used [0x00000000f5580000,0x00000000f5580000,0x00000000faa00000)
  from space 1024K, 100% used [0x00000000faa00000,0x00000000fab00000,0x00000000fab00000)
  to   space 34304K, 0% used [0x00000000fcc00000,0x00000000fcc00000,0x00000000fed80000)
 ParOldGen       total 104448K, used 51110K [0x00000000e0000000, 0x00000000e6600000, 0x00000000f5580000)
  object space 104448K, 48% used [0x00000000e0000000,0x00000000e31e9850,0x00000000e6600000)
 Metaspace       used 91231K, capacity 98086K, committed 98432K, reserved 1134592K
  class space    used 11106K, capacity 13104K, committed 13184K, reserved 1048576K
}
Event: 842.115 GC heap before
{Heap before GC invocations=47 (full 12):
 PSYoungGen      total 87552K, used 1024K [0x00000000f5580000, 0x00000000fed80000, 0x0000000100000000)
  eden space 86528K, 0% used [0x00000000f5580000,0x00000000f5580000,0x00000000faa00000)
  from space 1024K, 100% used [0x00000000faa00000,0x00000000fab00000,0x00000000fab00000)
  to   space 34304K, 0% used [0x00000000fcc00000,0x00000000fcc00000,0x00000000fed80000)
 ParOldGen       total 104448K, used 51110K [0x00000000e0000000, 0x00000000e6600000, 0x00000000f5580000)
  object space 104448K, 48% used [0x00000000e0000000,0x00000000e31e9850,0x00000000e6600000)
 Metaspace       used 91231K, capacity 98086K, committed 98432K, reserved 1134592K
  class space    used 11106K, capacity 13104K, committed 13184K, reserved 1048576K
Event: 842.617 GC heap after
Heap after GC invocations=47 (full 12):
 PSYoungGen      total 87552K, used 0K [0x00000000f5580000, 0x00000000fed80000, 0x0000000100000000)
  eden space 86528K, 0% used [0x00000000f5580000,0x00000000f5580000,0x00000000faa00000)
  from space 1024K, 0% used [0x00000000faa00000,0x00000000faa00000,0x00000000fab00000)
  to   space 34304K, 0% used [0x00000000fcc00000,0x00000000fcc00000,0x00000000fed80000)
 ParOldGen       total 104448K, used 50329K [0x00000000e0000000, 0x00000000e6600000, 0x00000000f5580000)
  object space 104448K, 48% used [0x00000000e0000000,0x00000000e3126418,0x00000000e6600000)
 Metaspace       used 91227K, capacity 98080K, committed 98432K, reserved 1134592K
  class space    used 11106K, capacity 13103K, committed 13184K, reserved 1048576K
}

