# JRE version: Java(TM) SE Runtime Environment (8.0_45-b15) (build 1.8.0_45-b15)
# Java VM: Java HotSpot(TM) 64-Bit Server VM (25.45-b02 mixed mode windows-amd64 compressed oops)
Heap:
 PSYoungGen      total 104448K, used 50942K [0x00000000f5580000, 0x00000000fd280000, 0x0000000100000000)
  eden space 82432K, 61% used [0x00000000f5580000,0x00000000f873fba0,0x00000000fa600000)
  from space 22016K, 0% used [0x00000000fa600000,0x00000000fa600000,0x00000000fbb80000)
  to   space 20992K, 0% used [0x00000000fbe00000,0x00000000fbe00000,0x00000000fd280000)
 ParOldGen       total 102912K, used 41224K [0x00000000e0000000, 0x00000000e6480000, 0x00000000f5580000)
  object space 102912K, 40% used [0x00000000e0000000,0x00000000e2842020,0x00000000e6480000)
 Metaspace       used 73158K, capacity 79042K, committed 79360K, reserved 1118208K
  class space    used 9237K, capacity 11144K, committed 11264K, reserved 1048576K
GC Heap History (10 events):
Event: 10.116 GC heap before
{Heap before GC invocations=11 (full 2):
 PSYoungGen      total 83456K, used 71355K [0x00000000f5580000, 0x00000000fbf80000, 0x0000000100000000)
  eden space 68096K, 82% used [0x00000000f5580000,0x00000000f8c348e8,0x00000000f9800000)
  from space 15360K, 99% used [0x00000000fb080000,0x00000000fbf7a578,0x00000000fbf80000)
  to   space 17920K, 0% used [0x00000000f9c80000,0x00000000f9c80000,0x00000000fae00000)
 ParOldGen       total 74240K, used 25108K [0x00000000e0000000, 0x00000000e4880000, 0x00000000f5580000)
  object space 74240K, 33% used [0x00000000e0000000,0x00000000e1885308,0x00000000e4880000)
 Metaspace       used 54854K, capacity 59078K, committed 59136K, reserved 1099776K
  class space    used 6817K, capacity 8175K, committed 8192K, reserved 1048576K
Event: 10.150 GC heap after
Heap after GC invocations=11 (full 2):
 PSYoungGen      total 90624K, used 17913K [0x00000000f5580000, 0x00000000fd000000, 0x0000000100000000)
  eden space 72704K, 0% used [0x00000000f5580000,0x00000000f5580000,0x00000000f9c80000)
  from space 17920K, 99% used [0x00000000f9c80000,0x00000000fadfe7f0,0x00000000fae00000)
  to   space 20992K, 0% used [0x00000000fbb80000,0x00000000fbb80000,0x00000000fd000000)
 ParOldGen       total 74240K, used 26310K [0x00000000e0000000, 0x00000000e4880000, 0x00000000f5580000)
  object space 74240K, 35% used [0x00000000e0000000,0x00000000e19b1960,0x00000000e4880000)
 Metaspace       used 54854K, capacity 59078K, committed 59136K, reserved 1099776K
  class space    used 6817K, capacity 8175K, committed 8192K, reserved 1048576K
}
Event: 10.150 GC heap before
{Heap before GC invocations=12 (full 3):
 PSYoungGen      total 90624K, used 17913K [0x00000000f5580000, 0x00000000fd000000, 0x0000000100000000)
  eden space 72704K, 0% used [0x00000000f5580000,0x00000000f5580000,0x00000000f9c80000)
  from space 17920K, 99% used [0x00000000f9c80000,0x00000000fadfe7f0,0x00000000fae00000)
  to   space 20992K, 0% used [0x00000000fbb80000,0x00000000fbb80000,0x00000000fd000000)
 ParOldGen       total 74240K, used 26310K [0x00000000e0000000, 0x00000000e4880000, 0x00000000f5580000)
  object space 74240K, 35% used [0x00000000e0000000,0x00000000e19b1960,0x00000000e4880000)
 Metaspace       used 54854K, capacity 59078K, committed 59136K, reserved 1099776K
  class space    used 6817K, capacity 8175K, committed 8192K, reserved 1048576K
Event: 10.430 GC heap after
Heap after GC invocations=12 (full 3):
 PSYoungGen      total 90624K, used 0K [0x00000000f5580000, 0x00000000fd000000, 0x0000000100000000)
  eden space 72704K, 0% used [0x00000000f5580000,0x00000000f5580000,0x00000000f9c80000)
  from space 17920K, 0% used [0x00000000f9c80000,0x00000000f9c80000,0x00000000fae00000)
  to   space 20992K, 0% used [0x00000000fbb80000,0x00000000fbb80000,0x00000000fd000000)
 ParOldGen       total 102912K, used 38162K [0x00000000e0000000, 0x00000000e6480000, 0x00000000f5580000)
  object space 102912K, 37% used [0x00000000e0000000,0x00000000e2544bc0,0x00000000e6480000)
 Metaspace       used 54854K, capacity 59078K, committed 59136K, reserved 1099776K
  class space    used 6817K, capacity 8175K, committed 8192K, reserved 1048576K
}
Event: 43.941 GC heap before
{Heap before GC invocations=13 (full 3):
 PSYoungGen      total 90624K, used 72704K [0x00000000f5580000, 0x00000000fd000000, 0x0000000100000000)
  eden space 72704K, 100% used [0x00000000f5580000,0x00000000f9c80000,0x00000000f9c80000)
  from space 17920K, 0% used [0x00000000f9c80000,0x00000000f9c80000,0x00000000fae00000)
  to   space 20992K, 0% used [0x00000000fbb80000,0x00000000fbb80000,0x00000000fd000000)
 ParOldGen       total 102912K, used 38162K [0x00000000e0000000, 0x00000000e6480000, 0x00000000f5580000)
  object space 102912K, 37% used [0x00000000e0000000,0x00000000e2544bc0,0x00000000e6480000)
 Metaspace       used 67145K, capacity 72872K, committed 73088K, reserved 1112064K
  class space    used 8504K, capacity 10312K, committed 10368K, reserved 1048576K
Event: 43.971 GC heap after
Heap after GC invocations=13 (full 3):
 PSYoungGen      total 103424K, used 15719K [0x00000000f5580000, 0x00000000fd480000, 0x0000000100000000)
  eden space 82432K, 0% used [0x00000000f5580000,0x00000000f5580000,0x00000000fa600000)
  from space 20992K, 74% used [0x00000000fbb80000,0x00000000fcad9e90,0x00000000fd000000)
  to   space 22016K, 0% used [0x00000000fa600000,0x00000000fa600000,0x00000000fbb80000)
 ParOldGen       total 102912K, used 38170K [0x00000000e0000000, 0x00000000e6480000, 0x00000000f5580000)
  object space 102912K, 37% used [0x00000000e0000000,0x00000000e2546bc0,0x00000000e6480000)
 Metaspace       used 67145K, capacity 72872K, committed 73088K, reserved 1112064K
  class space    used 8504K, capacity 10312K, committed 10368K, reserved 1048576K
}
Event: 68.923 GC heap before
{Heap before GC invocations=14 (full 3):
 PSYoungGen      total 103424K, used 77369K [0x00000000f5580000, 0x00000000fd480000, 0x0000000100000000)
  eden space 82432K, 74% used [0x00000000f5580000,0x00000000f91b45e0,0x00000000fa600000)
  from space 20992K, 74% used [0x00000000fbb80000,0x00000000fcad9e90,0x00000000fd000000)
  to   space 22016K, 0% used [0x00000000fa600000,0x00000000fa600000,0x00000000fbb80000)
 ParOldGen       total 102912K, used 38170K [0x00000000e0000000, 0x00000000e6480000, 0x00000000f5580000)
  object space 102912K, 37% used [0x00000000e0000000,0x00000000e2546bc0,0x00000000e6480000)
 Metaspace       used 71142K, capacity 77190K, committed 77568K, reserved 1116160K
  class space    used 9001K, capacity 10916K, committed 11008K, reserved 1048576K
Event: 68.948 GC heap after
Heap after GC invocations=14 (full 3):
 PSYoungGen      total 104448K, used 11333K [0x00000000f5580000, 0x00000000fd280000, 0x0000000100000000)
  eden space 82432K, 0% used [0x00000000f5580000,0x00000000f5580000,0x00000000fa600000)
  from space 22016K, 51% used [0x00000000fa600000,0x00000000fb111468,0x00000000fbb80000)
  to   space 20992K, 0% used [0x00000000fbe00000,0x00000000fbe00000,0x00000000fd280000)
 ParOldGen       total 102912K, used 38178K [0x00000000e0000000, 0x00000000e6480000, 0x00000000f5580000)
  object space 102912K, 37% used [0x00000000e0000000,0x00000000e2548bc0,0x00000000e6480000)
 Metaspace       used 71142K, capacity 77190K, committed 77568K, reserved 1116160K
  class space    used 9001K, capacity 10916K, committed 11008K, reserved 1048576K
}
Event: 68.948 GC heap before
{Heap before GC invocations=15 (full 4):
 PSYoungGen      total 104448K, used 11333K [0x00000000f5580000, 0x00000000fd280000, 0x0000000100000000)
  eden space 82432K, 0% used [0x00000000f5580000,0x00000000f5580000,0x00000000fa600000)
  from space 22016K, 51% used [0x00000000fa600000,0x00000000fb111468,0x00000000fbb80000)
  to   space 20992K, 0% used [0x00000000fbe00000,0x00000000fbe00000,0x00000000fd280000)
 ParOldGen       total 102912K, used 38178K [0x00000000e0000000, 0x00000000e6480000, 0x00000000f5580000)
  object space 102912K, 37% used [0x00000000e0000000,0x00000000e2548bc0,0x00000000e6480000)
 Metaspace       used 71142K, capacity 77190K, committed 77568K, reserved 1116160K
  class space    used 9001K, capacity 10916K, committed 11008K, reserved 1048576K
Event: 69.322 GC heap after
Heap after GC invocations=15 (full 4):
 PSYoungGen      total 104448K, used 0K [0x00000000f5580000, 0x00000000fd280000, 0x0000000100000000)
  eden space 82432K, 0% used [0x00000000f5580000,0x00000000f5580000,0x00000000fa600000)
  from space 22016K, 0% used [0x00000000fa600000,0x00000000fa600000,0x00000000fbb80000)
  to   space 20992K, 0% used [0x00000000fbe00000,0x00000000fbe00000,0x00000000fd280000)
 ParOldGen       total 102912K, used 41224K [0x00000000e0000000, 0x00000000e6480000, 0x00000000f5580000)
  object space 102912K, 40% used [0x00000000e0000000,0x00000000e2842020,0x00000000e6480000)
 Metaspace       used 71142K, capacity 77190K, committed 77568K, reserved 1116160K
  class space    used 9001K, capacity 10916K, committed 11008K, reserved 1048576K
}

